-------------------------------------------------------------------------------
Test set: com.crudspring.CrudApplicationTests
-------------------------------------------------------------------------------
Tests run: 1, Failures: 0, Errors: 1, Skipped: 0, Time elapsed: 0.485 s <<< FAILURE! - in com.crudspring.CrudApplicationTests
com.crudspring.CrudApplicationTests  Time elapsed: 0.483 s  <<< ERROR!
java.lang.IllegalStateException: Unable to find a @SpringBootConfiguration, you need to use @ContextConfiguration or @SpringBootTest(classes=...) with your test

